Arguments: 
  C:\Program Files\nodejs\node.exe C:\Users\Dell\AppData\Roaming\npm\node_modules\yarn\bin\yarn.js add parcel --dev

PATH: 
  C:\Users\Dell\bin;C:\Program Files\Git\mingw64\bin;C:\Program Files\Git\usr\local\bin;C:\Program Files\Git\usr\bin;C:\Program Files\Git\usr\bin;C:\Program Files\Git\mingw64\bin;C:\Program Files\Git\usr\bin;C:\Users\Dell\bin;C:\Users\Dell\AppData\Local\ActiveState\StateTool\release;C:\Windows\system32;C:\Windows;C:\Windows\System32\Wbem;C:\Windows\System32\WindowsPowerShell\v1.0;C:\Windows\System32\OpenSSH;C:\Program Files\nodejs;C:\Program Files\Git\cmd;C:\Program Files\MATLAB\R2018a\runtime\win64;C:\Program Files\MATLAB\R2018a\bin;C:\Program Files\PuTTY;C:\Strawberry\c\bin;C:\Strawberry\perl\site\bin;C:\Strawberry\perl\bin;C:\Program Files\Amazon\AWSCLIV2;C:\ProgramData\chocolatey\bin;C:\Program Files\OpenJDK\jdk-18.0.1.1\bin;C:\Users\Dell\AppData\Local\Android\Sdk\platform-tools;C:\Go\bin;C:\Users\Dell\Desktop\utilities\pscale_0.112.0_windows_amd64;C:\Program Files\MySQL\MySQL Shell 8.0\bin;C:\Users\Dell\AppData\Local\Programs\Python\Python37\Scripts;C:\Users\Dell\AppData\Local\Programs\Python\Python37;C:\Users\Dell\AppData\Local\Programs\Python\Python38-32\Scripts;C:\Users\Dell\AppData\Local\Programs\Python\Python38-32;C:\Users\Dell\AppData\Local\Microsoft\WindowsApps;C:\Users\Dell\AppData\Local\Programs\Microsoft VS Code\bin;C:\Users\Dell\AppData\Roaming\npm;C:\Users\Dell\AppData\Local\Programs\MiKTeX\miktex\bin\x64;C:\Program Files\heroku\bin;C:\Users\Dell\Downloads\Compressed\ngrok-v3-stable-windows-amd64;C:\Users\Dell\AppData\Local\Android\Sdk\platform-tools;C:\Users\Dell\go\bin;C:\Users\Dell\Desktop\utilities\pscale_0.112.0_windows_amd64;C:\Program Files\Git\usr\bin\vendor_perl;C:\Program Files\Git\usr\bin\core_perl

Yarn version: 
  1.22.19

Node version: 
  16.13.1

Platform: 
  win32 x64

Trace: 
  Error: getaddrinfo ENOTFOUND registry.yarnpkg.com
      at GetAddrInfoReqWrap.onlookup [as oncomplete] (node:dns:71:26)

npm manifest: 
  {
    "name": "javascript-2d-game",
    "version": "1.0.0",
    "description": "",
    "main": "index.js",
    "scripts": {
      "test": "echo \"Error: no test specified\" && exit 1"
    },
    "keywords": [],
    "author": "",
    "license": "ISC"
  }

yarn manifest: 
  No manifest

Lockfile: 
  No lockfile
